00:00:00.000102 main     VirtualBox XPCOM Server 7.0.14 r161095 linux.amd64 (Jan 15 2024 15:20:58) release log
00:00:00.000104 main     Log opened 2024-06-27T06:09:00.100402000Z
00:00:00.000104 main     Build Type: release
00:00:00.000106 main     OS Product: Linux
00:00:00.000106 main     OS Release: 5.15.0-112-generic
00:00:00.000107 main     OS Version: #122-Ubuntu SMP Thu May 23 07:48:21 UTC 2024
00:00:00.000119 main     DMI Product Name: OptiPlex 7400 AIO
00:00:00.000122 main     DMI Product Version: 
00:00:00.000125 main     Firmware type: UEFI
00:00:00.000781 main     Secure Boot: Disabled
00:00:00.000817 main     Host RAM: 15676MB (15.3GB) total, 13706MB (13.3GB) available
00:00:00.000819 main     Executable: /usr/lib/virtualbox/VBoxSVC
00:00:00.000819 main     Process ID: 65807
00:00:00.000819 main     Package type: LINUX_64BITS_UBUNTU_22_04
00:00:00.001997 main     IPC socket path: /tmp/.vbox-aandriam-ipc/ipcd
00:00:00.104101 nspr-2   VirtualBox: object creation starts
00:00:00.104149 nspr-2   Home directory: '/home/aandriam/.config/VirtualBox'
00:00:00.111141 nspr-2   HostDnsMonitor: initializing
00:00:00.111339 nspr-2   NAT: resolv.conf: nameserver 127.0.0.53
00:00:00.111344 nspr-2   NAT: resolv.conf: ignoring "options edns0 trust-ad"
00:00:00.111350 nspr-2   HostDnsMonitor: updating information
00:00:00.111356 nspr-2   HostDnsMonitor: old information
00:00:00.111356 nspr-2     no server entries
00:00:00.111357 nspr-2     no domain set
00:00:00.111357 nspr-2     no search string entries
00:00:00.111358 nspr-2   HostDnsMonitor: new information
00:00:00.111359 nspr-2     server 1: 127.0.0.53
00:00:00.111359 nspr-2     domain: 42antananarivo.mg
00:00:00.111360 nspr-2     search string 1: 42antananarivo.mg
00:00:00.112357 nspr-2   VD: VDInit finished with VINF_SUCCESS
00:00:00.112740 nspr-2   VirtualBox: object created
00:00:00.134202 nspr-4   Saving settings file "/home/aandriam/.config/VirtualBox/VirtualBox.xml" with version "1.12-linux"
00:00:00.137854 nspr-4   Finished saving settings file "/home/aandriam/.config/VirtualBox/VirtualBox.xml"
00:00:00.137924 nspr-4   Saving settings file "/home/aandriam/.config/VirtualBox/VirtualBox.xml" with version "1.12-linux"
00:00:00.139315 nspr-4   Finished saving settings file "/home/aandriam/.config/VirtualBox/VirtualBox.xml"
00:00:00.139404 nspr-4   Saving settings file "/home/aandriam/.config/VirtualBox/VirtualBox.xml" with version "1.12-linux"
00:00:00.141103 nspr-4   Finished saving settings file "/home/aandriam/.config/VirtualBox/VirtualBox.xml"
00:00:00.390810 nspr-4   Saving settings file "/home/aandriam/.config/VirtualBox/VirtualBox.xml" with version "1.12-linux"
00:00:00.392719 nspr-4   Finished saving settings file "/home/aandriam/.config/VirtualBox/VirtualBox.xml"
00:00:00.422894 nspr-2   Saving settings file "/home/aandriam/.config/VirtualBox/VirtualBox.xml" with version "1.12-linux"
00:00:00.424802 nspr-2   Finished saving settings file "/home/aandriam/.config/VirtualBox/VirtualBox.xml"
00:00:00.440501 nspr-4   WARNING [COM]: aRC=NS_ERROR_FAILURE (0x80004005) aIID={e54f6256-97a7-4947-8a78-10c013ddf4b8} aComponent={HostWrap} aText={VirtualBox is not currently allowed to access USB devices.  You can change this by adding your user to the 'vboxusers' group.  Please see the user manual for a more detailed explanation}, preserve=false aResultDetail=0
00:00:00.713272 nspr-3   Saving settings file "/home/aandriam/.config/VirtualBox/VirtualBox.xml" with version "1.12-linux"
00:00:00.718301 nspr-3   Finished saving settings file "/home/aandriam/.config/VirtualBox/VirtualBox.xml"
00:00:29.850669 nspr-2   Loading settings file "/home/aandriam/goinfre/bornWe/born2beroot/born2beroot.vbox" with version "1.19-linux"
00:00:29.852099 nspr-4   ERROR [COM]: aRC=VBOX_E_OBJECT_NOT_FOUND (0x80bb0001) aIID={7682d5eb-f00e-44f1-8ca2-99d08b1cd607} aComponent={VirtualBoxWrap} aText={Could not find a registered machine with UUID {d9ac733b-3c5e-4492-bfe1-98b59f78b8cd}}, preserve=false aResultDetail=0
00:00:29.852472 nspr-2   Saving settings file "/home/aandriam/.config/VirtualBox/VirtualBox.xml" with version "1.12-linux"
00:00:29.854446 nspr-2   Finished saving settings file "/home/aandriam/.config/VirtualBox/VirtualBox.xml"
00:00:29.877771 nspr-4   Saving settings file "/home/aandriam/.config/VirtualBox/VirtualBox.xml" with version "1.12-linux"
00:00:29.880071 nspr-4   Finished saving settings file "/home/aandriam/.config/VirtualBox/VirtualBox.xml"
00:00:30.195880 nspr-3   WARNING [COM]: aRC=NS_ERROR_FAILURE (0x80004005) aIID={e54f6256-97a7-4947-8a78-10c013ddf4b8} aComponent={HostWrap} aText={VirtualBox is not currently allowed to access USB devices.  You can change this by adding your user to the 'vboxusers' group.  Please see the user manual for a more detailed explanation}, preserve=true aResultDetail=0
00:00:30.201645 nspr-3   ERROR [COM]: aRC=VBOX_E_INVALID_VM_STATE (0x80bb0002) aIID={300763af-5d6b-46e6-aa96-273eac15538a} aComponent={MachineWrap} aText={The machine is not mutable (state is PoweredOff)}, preserve=false aResultDetail=0
00:00:30.255335 nspr-3   WARNING [COM]: aRC=NS_ERROR_FAILURE (0x80004005) aIID={e54f6256-97a7-4947-8a78-10c013ddf4b8} aComponent={HostWrap} aText={VirtualBox is not currently allowed to access USB devices.  You can change this by adding your user to the 'vboxusers' group.  Please see the user manual for a more detailed explanation}, preserve=true aResultDetail=0
00:00:30.255715 nspr-3   WARNING [COM]: aRC=NS_ERROR_FAILURE (0x80004005) aIID={e54f6256-97a7-4947-8a78-10c013ddf4b8} aComponent={HostWrap} aText={VirtualBox is not currently allowed to access USB devices.  You can change this by adding your user to the 'vboxusers' group.  Please see the user manual for a more detailed explanation}, preserve=true aResultDetail=0
00:00:34.339808 nspr-2   Launched VM: 1812847184 pid: 65960 (0x101a8) frontend: GUI/Qt name: born2beroot
00:00:34.349678 nspr-5   ERROR [COM]: aRC=VBOX_E_INVALID_VM_STATE (0x80bb0002) aIID={300763af-5d6b-46e6-aa96-273eac15538a} aComponent={MachineWrap} aText={The machine is not mutable (state is PoweredOff)}, preserve=false aResultDetail=0
00:00:34.357379 nspr-5   WARNING [COM]: aRC=NS_ERROR_FAILURE (0x80004005) aIID={e54f6256-97a7-4947-8a78-10c013ddf4b8} aComponent={HostWrap} aText={VirtualBox is not currently allowed to access USB devices.  You can change this by adding your user to the 'vboxusers' group.  Please see the user manual for a more detailed explanation}, preserve=true aResultDetail=0
00:00:34.357761 nspr-5   WARNING [COM]: aRC=NS_ERROR_FAILURE (0x80004005) aIID={e54f6256-97a7-4947-8a78-10c013ddf4b8} aComponent={HostWrap} aText={VirtualBox is not currently allowed to access USB devices.  You can change this by adding your user to the 'vboxusers' group.  Please see the user manual for a more detailed explanation}, preserve=true aResultDetail=0
00:00:34.486154 nspr-8   ERROR [COM]: aRC=VBOX_E_INVALID_VM_STATE (0x80bb0002) aIID={300763af-5d6b-46e6-aa96-273eac15538a} aComponent={MachineWrap} aText={The machine is not mutable (state is PoweredOff)}, preserve=false aResultDetail=0
00:00:34.490437 nspr-8   WARNING [COM]: aRC=NS_ERROR_FAILURE (0x80004005) aIID={e54f6256-97a7-4947-8a78-10c013ddf4b8} aComponent={HostWrap} aText={VirtualBox is not currently allowed to access USB devices.  You can change this by adding your user to the 'vboxusers' group.  Please see the user manual for a more detailed explanation}, preserve=true aResultDetail=0
00:00:34.490754 nspr-8   WARNING [COM]: aRC=NS_ERROR_FAILURE (0x80004005) aIID={e54f6256-97a7-4947-8a78-10c013ddf4b8} aComponent={HostWrap} aText={VirtualBox is not currently allowed to access USB devices.  You can change this by adding your user to the 'vboxusers' group.  Please see the user manual for a more detailed explanation}, preserve=true aResultDetail=0
00:00:34.732819 nspr-4   WARNING [COM]: aRC=NS_ERROR_FAILURE (0x80004005) aIID={e54f6256-97a7-4947-8a78-10c013ddf4b8} aComponent={HostWrap} aText={VirtualBox is not currently allowed to access USB devices.  You can change this by adding your user to the 'vboxusers' group.  Please see the user manual for a more detailed explanation}, preserve=true aResultDetail=0
00:00:34.733180 nspr-8   WARNING [COM]: aRC=NS_ERROR_FAILURE (0x80004005) aIID={e54f6256-97a7-4947-8a78-10c013ddf4b8} aComponent={HostWrap} aText={VirtualBox is not currently allowed to access USB devices.  You can change this by adding your user to the 'vboxusers' group.  Please see the user manual for a more detailed explanation}, preserve=true aResultDetail=0
00:00:34.733292 nspr-4   ERROR [COM]: aRC=VBOX_E_OBJECT_NOT_FOUND (0x80bb0001) aIID={70401eef-c8e9-466b-9660-45cb3e9979e4} aComponent={ExtPackManagerWrap} aText={No extension pack by the name 'Oracle VM VirtualBox Extension Pack' was found}, preserve=false aResultDetail=0
00:00:38.456401 nspr-6   ERROR [COM]: aRC=VBOX_E_IPRT_ERROR (0x80bb0005) aIID={300763af-5d6b-46e6-aa96-273eac15538a} aComponent={SessionMachine} aText={Saved screenshot data is not available (VERR_NOT_SUPPORTED)}, preserve=false aResultDetail=-37
00:00:38.471840 nspr-6   WARNING [COM]: aRC=NS_ERROR_FAILURE (0x80004005) aIID={e54f6256-97a7-4947-8a78-10c013ddf4b8} aComponent={HostWrap} aText={VirtualBox is not currently allowed to access USB devices.  You can change this by adding your user to the 'vboxusers' group.  Please see the user manual for a more detailed explanation}, preserve=false aResultDetail=0
00:00:38.472187 nspr-8   WARNING [COM]: aRC=NS_ERROR_FAILURE (0x80004005) aIID={e54f6256-97a7-4947-8a78-10c013ddf4b8} aComponent={HostWrap} aText={VirtualBox is not currently allowed to access USB devices.  You can change this by adding your user to the 'vboxusers' group.  Please see the user manual for a more detailed explanation}, preserve=true aResultDetail=0
00:00:38.472293 nspr-6   WARNING [COM]: aRC=NS_ERROR_FAILURE (0x80004005) aIID={e54f6256-97a7-4947-8a78-10c013ddf4b8} aComponent={HostWrap} aText={VirtualBox is not currently allowed to access USB devices.  You can change this by adding your user to the 'vboxusers' group.  Please see the user manual for a more detailed explanation}, preserve=true aResultDetail=0
00:00:38.489252 nspr-2   Saving settings file "/home/aandriam/goinfre/bornWe/born2beroot/born2beroot.vbox" with version "1.19-linux"
00:00:38.493641 nspr-2   Finished saving settings file "/home/aandriam/goinfre/bornWe/born2beroot/born2beroot.vbox"
00:00:38.495739 nspr-2   WARNING [COM]: aRC=NS_ERROR_FAILURE (0x80004005) aIID={e54f6256-97a7-4947-8a78-10c013ddf4b8} aComponent={HostWrap} aText={VirtualBox is not currently allowed to access USB devices.  You can change this by adding your user to the 'vboxusers' group.  Please see the user manual for a more detailed explanation}, preserve=true aResultDetail=0
00:00:38.502196 nspr-2   ERROR [COM]: aRC=VBOX_E_INVALID_VM_STATE (0x80bb0002) aIID={300763af-5d6b-46e6-aa96-273eac15538a} aComponent={MachineWrap} aText={The machine is not mutable (state is Starting)}, preserve=false aResultDetail=0
00:00:38.505256 nspr-2   WARNING [COM]: aRC=NS_ERROR_FAILURE (0x80004005) aIID={e54f6256-97a7-4947-8a78-10c013ddf4b8} aComponent={HostWrap} aText={VirtualBox is not currently allowed to access USB devices.  You can change this by adding your user to the 'vboxusers' group.  Please see the user manual for a more detailed explanation}, preserve=true aResultDetail=0
00:00:38.511786 nspr-2   WARNING [COM]: aRC=NS_ERROR_FAILURE (0x80004005) aIID={e54f6256-97a7-4947-8a78-10c013ddf4b8} aComponent={HostWrap} aText={VirtualBox is not currently allowed to access USB devices.  You can change this by adding your user to the 'vboxusers' group.  Please see the user manual for a more detailed explanation}, preserve=true aResultDetail=0
00:00:38.512092 nspr-2   WARNING [COM]: aRC=NS_ERROR_FAILURE (0x80004005) aIID={e54f6256-97a7-4947-8a78-10c013ddf4b8} aComponent={HostWrap} aText={VirtualBox is not currently allowed to access USB devices.  You can change this by adding your user to the 'vboxusers' group.  Please see the user manual for a more detailed explanation}, preserve=true aResultDetail=0
00:00:38.624524 nspr-7   ERROR [COM]: aRC=VBOX_E_OBJECT_NOT_FOUND (0x80bb0001) aIID={ad47ad09-787b-44ab-b343-a082a3f2dfb1} aComponent={MediumWrap} aText={Property 'CRYPT/KeyId' does not exist}, preserve=false aResultDetail=0
00:00:38.635430 nspr-2   WARNING [COM]: aRC=NS_ERROR_FAILURE (0x80004005) aIID={e54f6256-97a7-4947-8a78-10c013ddf4b8} aComponent={HostWrap} aText={VirtualBox is not currently allowed to access USB devices.  You can change this by adding your user to the 'vboxusers' group.  Please see the user manual for a more detailed explanation}, preserve=true aResultDetail=0
00:00:38.640103 nspr-7   ERROR [COM]: aRC=VBOX_E_INVALID_VM_STATE (0x80bb0002) aIID={300763af-5d6b-46e6-aa96-273eac15538a} aComponent={MachineWrap} aText={The machine is not mutable (state is Running)}, preserve=false aResultDetail=0
00:00:38.647453 nspr-7   WARNING [COM]: aRC=NS_ERROR_FAILURE (0x80004005) aIID={e54f6256-97a7-4947-8a78-10c013ddf4b8} aComponent={HostWrap} aText={VirtualBox is not currently allowed to access USB devices.  You can change this by adding your user to the 'vboxusers' group.  Please see the user manual for a more detailed explanation}, preserve=true aResultDetail=0
00:00:38.647726 nspr-5   WARNING [COM]: aRC=NS_ERROR_FAILURE (0x80004005) aIID={e54f6256-97a7-4947-8a78-10c013ddf4b8} aComponent={HostWrap} aText={VirtualBox is not currently allowed to access USB devices.  You can change this by adding your user to the 'vboxusers' group.  Please see the user manual for a more detailed explanation}, preserve=true aResultDetail=0
00:00:42.179424 nspr-8   Saving settings file "/home/aandriam/goinfre/bornWe/born2beroot/born2beroot.vbox" with version "1.19-linux"
00:00:42.182140 nspr-8   Finished saving settings file "/home/aandriam/goinfre/bornWe/born2beroot/born2beroot.vbox"
00:00:42.189195 nspr-2   ERROR [COM]: aRC=VBOX_E_INVALID_VM_STATE (0x80bb0002) aIID={300763af-5d6b-46e6-aa96-273eac15538a} aComponent={MachineWrap} aText={The machine is not mutable (state is Running)}, preserve=false aResultDetail=0
00:00:42.197476 nspr-8   WARNING [COM]: aRC=NS_ERROR_FAILURE (0x80004005) aIID={e54f6256-97a7-4947-8a78-10c013ddf4b8} aComponent={HostWrap} aText={VirtualBox is not currently allowed to access USB devices.  You can change this by adding your user to the 'vboxusers' group.  Please see the user manual for a more detailed explanation}, preserve=true aResultDetail=0
00:00:42.197866 nspr-2   WARNING [COM]: aRC=NS_ERROR_FAILURE (0x80004005) aIID={e54f6256-97a7-4947-8a78-10c013ddf4b8} aComponent={HostWrap} aText={VirtualBox is not currently allowed to access USB devices.  You can change this by adding your user to the 'vboxusers' group.  Please see the user manual for a more detailed explanation}, preserve=true aResultDetail=0
00:00:58.386052 nspr-2   Saving settings file "/home/aandriam/goinfre/bornWe/born2beroot/born2beroot.vbox" with version "1.19-linux"
00:00:58.388698 nspr-2   Finished saving settings file "/home/aandriam/goinfre/bornWe/born2beroot/born2beroot.vbox"
00:00:58.395812 nspr-2   ERROR [COM]: aRC=VBOX_E_INVALID_VM_STATE (0x80bb0002) aIID={300763af-5d6b-46e6-aa96-273eac15538a} aComponent={MachineWrap} aText={The machine is not mutable (state is Running)}, preserve=false aResultDetail=0
00:00:58.403803 nspr-10  WARNING [COM]: aRC=NS_ERROR_FAILURE (0x80004005) aIID={e54f6256-97a7-4947-8a78-10c013ddf4b8} aComponent={HostWrap} aText={VirtualBox is not currently allowed to access USB devices.  You can change this by adding your user to the 'vboxusers' group.  Please see the user manual for a more detailed explanation}, preserve=true aResultDetail=0
00:00:58.404235 nspr-10  WARNING [COM]: aRC=NS_ERROR_FAILURE (0x80004005) aIID={e54f6256-97a7-4947-8a78-10c013ddf4b8} aComponent={HostWrap} aText={VirtualBox is not currently allowed to access USB devices.  You can change this by adding your user to the 'vboxusers' group.  Please see the user manual for a more detailed explanation}, preserve=true aResultDetail=0
00:01:00.639301 nspr-7   Saving settings file "/home/aandriam/goinfre/bornWe/born2beroot/born2beroot.vbox" with version "1.19-linux"
00:01:00.642128 nspr-7   Finished saving settings file "/home/aandriam/goinfre/bornWe/born2beroot/born2beroot.vbox"
00:01:00.649389 nspr-8   ERROR [COM]: aRC=VBOX_E_INVALID_VM_STATE (0x80bb0002) aIID={300763af-5d6b-46e6-aa96-273eac15538a} aComponent={MachineWrap} aText={The machine is not mutable (state is Running)}, preserve=false aResultDetail=0
00:01:00.657554 nspr-9   WARNING [COM]: aRC=NS_ERROR_FAILURE (0x80004005) aIID={e54f6256-97a7-4947-8a78-10c013ddf4b8} aComponent={HostWrap} aText={VirtualBox is not currently allowed to access USB devices.  You can change this by adding your user to the 'vboxusers' group.  Please see the user manual for a more detailed explanation}, preserve=true aResultDetail=0
00:01:00.657861 nspr-9   WARNING [COM]: aRC=NS_ERROR_FAILURE (0x80004005) aIID={e54f6256-97a7-4947-8a78-10c013ddf4b8} aComponent={HostWrap} aText={VirtualBox is not currently allowed to access USB devices.  You can change this by adding your user to the 'vboxusers' group.  Please see the user manual for a more detailed explanation}, preserve=true aResultDetail=0
00:01:01.781128 nspr-2   Saving settings file "/home/aandriam/goinfre/bornWe/born2beroot/born2beroot.vbox" with version "1.19-linux"
00:01:01.783808 nspr-2   Finished saving settings file "/home/aandriam/goinfre/bornWe/born2beroot/born2beroot.vbox"
00:01:01.791420 nspr-5   ERROR [COM]: aRC=VBOX_E_INVALID_VM_STATE (0x80bb0002) aIID={300763af-5d6b-46e6-aa96-273eac15538a} aComponent={MachineWrap} aText={The machine is not mutable (state is Running)}, preserve=false aResultDetail=0
00:01:01.798607 nspr-9   WARNING [COM]: aRC=NS_ERROR_FAILURE (0x80004005) aIID={e54f6256-97a7-4947-8a78-10c013ddf4b8} aComponent={HostWrap} aText={VirtualBox is not currently allowed to access USB devices.  You can change this by adding your user to the 'vboxusers' group.  Please see the user manual for a more detailed explanation}, preserve=true aResultDetail=0
00:01:01.798942 nspr-9   WARNING [COM]: aRC=NS_ERROR_FAILURE (0x80004005) aIID={e54f6256-97a7-4947-8a78-10c013ddf4b8} aComponent={HostWrap} aText={VirtualBox is not currently allowed to access USB devices.  You can change this by adding your user to the 'vboxusers' group.  Please see the user manual for a more detailed explanation}, preserve=true aResultDetail=0
00:01:19.007046 nspr-10  Saving settings file "/home/aandriam/goinfre/bornWe/born2beroot/born2beroot.vbox" with version "1.19-linux"
00:01:19.010032 nspr-10  Finished saving settings file "/home/aandriam/goinfre/bornWe/born2beroot/born2beroot.vbox"
00:01:19.017563 nspr-8   ERROR [COM]: aRC=VBOX_E_INVALID_VM_STATE (0x80bb0002) aIID={300763af-5d6b-46e6-aa96-273eac15538a} aComponent={MachineWrap} aText={The machine is not mutable (state is Running)}, preserve=false aResultDetail=0
00:01:19.025183 nspr-6   WARNING [COM]: aRC=NS_ERROR_FAILURE (0x80004005) aIID={e54f6256-97a7-4947-8a78-10c013ddf4b8} aComponent={HostWrap} aText={VirtualBox is not currently allowed to access USB devices.  You can change this by adding your user to the 'vboxusers' group.  Please see the user manual for a more detailed explanation}, preserve=true aResultDetail=0
00:01:19.025653 nspr-6   WARNING [COM]: aRC=NS_ERROR_FAILURE (0x80004005) aIID={e54f6256-97a7-4947-8a78-10c013ddf4b8} aComponent={HostWrap} aText={VirtualBox is not currently allowed to access USB devices.  You can change this by adding your user to the 'vboxusers' group.  Please see the user manual for a more detailed explanation}, preserve=true aResultDetail=0
00:14:58.611833 nspr-7   Saving settings file "/home/aandriam/goinfre/bornWe/born2beroot/born2beroot.vbox" with version "1.19-linux"
00:14:58.614751 nspr-7   Finished saving settings file "/home/aandriam/goinfre/bornWe/born2beroot/born2beroot.vbox"
00:14:58.621774 nspr-6   ERROR [COM]: aRC=VBOX_E_INVALID_VM_STATE (0x80bb0002) aIID={300763af-5d6b-46e6-aa96-273eac15538a} aComponent={MachineWrap} aText={The machine is not mutable (state is Running)}, preserve=false aResultDetail=0
00:14:58.630043 nspr-6   WARNING [COM]: aRC=NS_ERROR_FAILURE (0x80004005) aIID={e54f6256-97a7-4947-8a78-10c013ddf4b8} aComponent={HostWrap} aText={VirtualBox is not currently allowed to access USB devices.  You can change this by adding your user to the 'vboxusers' group.  Please see the user manual for a more detailed explanation}, preserve=true aResultDetail=0
00:14:58.630419 nspr-6   WARNING [COM]: aRC=NS_ERROR_FAILURE (0x80004005) aIID={e54f6256-97a7-4947-8a78-10c013ddf4b8} aComponent={HostWrap} aText={VirtualBox is not currently allowed to access USB devices.  You can change this by adding your user to the 'vboxusers' group.  Please see the user manual for a more detailed explanation}, preserve=true aResultDetail=0
00:41:51.018735 nspr-10  WARNING [COM]: aRC=NS_ERROR_FAILURE (0x80004005) aIID={e54f6256-97a7-4947-8a78-10c013ddf4b8} aComponent={HostWrap} aText={VirtualBox is not currently allowed to access USB devices.  You can change this by adding your user to the 'vboxusers' group.  Please see the user manual for a more detailed explanation}, preserve=true aResultDetail=0
00:41:51.023675 nspr-8   ERROR [COM]: aRC=VBOX_E_INVALID_VM_STATE (0x80bb0002) aIID={300763af-5d6b-46e6-aa96-273eac15538a} aComponent={MachineWrap} aText={The machine is not mutable (state is Paused)}, preserve=false aResultDetail=0
00:41:51.032884 nspr-4   WARNING [COM]: aRC=NS_ERROR_FAILURE (0x80004005) aIID={e54f6256-97a7-4947-8a78-10c013ddf4b8} aComponent={HostWrap} aText={VirtualBox is not currently allowed to access USB devices.  You can change this by adding your user to the 'vboxusers' group.  Please see the user manual for a more detailed explanation}, preserve=true aResultDetail=0
00:41:51.033304 nspr-4   WARNING [COM]: aRC=NS_ERROR_FAILURE (0x80004005) aIID={e54f6256-97a7-4947-8a78-10c013ddf4b8} aComponent={HostWrap} aText={VirtualBox is not currently allowed to access USB devices.  You can change this by adding your user to the 'vboxusers' group.  Please see the user manual for a more detailed explanation}, preserve=true aResultDetail=0
00:41:53.252153 nspr-4   WARNING [COM]: aRC=NS_ERROR_FAILURE (0x80004005) aIID={e54f6256-97a7-4947-8a78-10c013ddf4b8} aComponent={HostWrap} aText={VirtualBox is not currently allowed to access USB devices.  You can change this by adding your user to the 'vboxusers' group.  Please see the user manual for a more detailed explanation}, preserve=true aResultDetail=0
00:41:53.258370 nspr-2   ERROR [COM]: aRC=VBOX_E_INVALID_VM_STATE (0x80bb0002) aIID={300763af-5d6b-46e6-aa96-273eac15538a} aComponent={MachineWrap} aText={The machine is not mutable (state is Stopping)}, preserve=false aResultDetail=0
00:41:53.268821 nspr-10  WARNING [COM]: aRC=NS_ERROR_FAILURE (0x80004005) aIID={e54f6256-97a7-4947-8a78-10c013ddf4b8} aComponent={HostWrap} aText={VirtualBox is not currently allowed to access USB devices.  You can change this by adding your user to the 'vboxusers' group.  Please see the user manual for a more detailed explanation}, preserve=true aResultDetail=0
00:41:53.269289 nspr-2   WARNING [COM]: aRC=NS_ERROR_FAILURE (0x80004005) aIID={e54f6256-97a7-4947-8a78-10c013ddf4b8} aComponent={HostWrap} aText={VirtualBox is not currently allowed to access USB devices.  You can change this by adding your user to the 'vboxusers' group.  Please see the user manual for a more detailed explanation}, preserve=true aResultDetail=0
00:41:53.395309 nspr-6   Saving settings file "/home/aandriam/goinfre/bornWe/born2beroot/born2beroot.vbox" with version "1.19-linux"
00:41:53.396778 nspr-6   Finished saving settings file "/home/aandriam/goinfre/bornWe/born2beroot/born2beroot.vbox"
00:41:53.401296 nspr-10  WARNING [COM]: aRC=NS_ERROR_FAILURE (0x80004005) aIID={e54f6256-97a7-4947-8a78-10c013ddf4b8} aComponent={HostWrap} aText={VirtualBox is not currently allowed to access USB devices.  You can change this by adding your user to the 'vboxusers' group.  Please see the user manual for a more detailed explanation}, preserve=true aResultDetail=0
00:41:53.406881 nspr-6   ERROR [COM]: aRC=VBOX_E_INVALID_VM_STATE (0x80bb0002) aIID={300763af-5d6b-46e6-aa96-273eac15538a} aComponent={MachineWrap} aText={The machine is not mutable (state is PoweredOff)}, preserve=false aResultDetail=0
00:41:53.414608 nspr-5   WARNING [COM]: aRC=NS_ERROR_FAILURE (0x80004005) aIID={e54f6256-97a7-4947-8a78-10c013ddf4b8} aComponent={HostWrap} aText={VirtualBox is not currently allowed to access USB devices.  You can change this by adding your user to the 'vboxusers' group.  Please see the user manual for a more detailed explanation}, preserve=true aResultDetail=0
00:41:53.415095 nspr-5   WARNING [COM]: aRC=NS_ERROR_FAILURE (0x80004005) aIID={e54f6256-97a7-4947-8a78-10c013ddf4b8} aComponent={HostWrap} aText={VirtualBox is not currently allowed to access USB devices.  You can change this by adding your user to the 'vboxusers' group.  Please see the user manual for a more detailed explanation}, preserve=true aResultDetail=0
00:41:54.406608 nspr-8   ERROR [COM]: aRC=VBOX_E_INVALID_VM_STATE (0x80bb0002) aIID={300763af-5d6b-46e6-aa96-273eac15538a} aComponent={MachineWrap} aText={The machine is not mutable (state is PoweredOff)}, preserve=false aResultDetail=0
00:41:54.420862 nspr-2   WARNING [COM]: aRC=NS_ERROR_FAILURE (0x80004005) aIID={e54f6256-97a7-4947-8a78-10c013ddf4b8} aComponent={HostWrap} aText={VirtualBox is not currently allowed to access USB devices.  You can change this by adding your user to the 'vboxusers' group.  Please see the user manual for a more detailed explanation}, preserve=true aResultDetail=0
00:41:54.421541 nspr-4   WARNING [COM]: aRC=NS_ERROR_FAILURE (0x80004005) aIID={e54f6256-97a7-4947-8a78-10c013ddf4b8} aComponent={HostWrap} aText={VirtualBox is not currently allowed to access USB devices.  You can change this by adding your user to the 'vboxusers' group.  Please see the user manual for a more detailed explanation}, preserve=true aResultDetail=0
00:42:02.309539 main     VirtualBox: object deletion starts
00:42:02.309602 main     ERROR [COM]: aRC=VBOX_E_OBJECT_IN_USE (0x80bb000c) aIID={ad47ad09-787b-44ab-b343-a082a3f2dfb1} aComponent={MediumWrap} aText={Medium '/home/aandriam/goinfre/bornWe/born2beroot/Snapshots/{632cbf25-e96b-4cd0-955f-9a0e9b820050}.vdi' cannot be closed because it is still attached to 1 virtual machines}, preserve=false aResultDetail=0
00:42:02.309753 main     ERROR [COM]: aRC=E_ACCESSDENIED (0x80070005) aIID={6cc49055-dad4-4496-85cf-3f76bcb3b5fa} aComponent={SnapshotWrap} aText={The object is not ready}, preserve=false aResultDetail=0
00:42:02.309797 main     ERROR [COM]: aRC=E_ACCESSDENIED (0x80070005) aIID={6cc49055-dad4-4496-85cf-3f76bcb3b5fa} aComponent={SnapshotWrap} aText={The object is not ready}, preserve=false aResultDetail=0
00:42:02.309840 main     ERROR [COM]: aRC=E_ACCESSDENIED (0x80070005) aIID={6cc49055-dad4-4496-85cf-3f76bcb3b5fa} aComponent={SnapshotWrap} aText={The object is not ready}, preserve=false aResultDetail=0
00:42:02.309881 main     ERROR [COM]: aRC=E_ACCESSDENIED (0x80070005) aIID={6cc49055-dad4-4496-85cf-3f76bcb3b5fa} aComponent={SnapshotWrap} aText={The object is not ready}, preserve=false aResultDetail=0
00:42:02.309926 main     ERROR [COM]: aRC=E_ACCESSDENIED (0x80070005) aIID={6cc49055-dad4-4496-85cf-3f76bcb3b5fa} aComponent={SnapshotWrap} aText={The object is not ready}, preserve=false aResultDetail=0
00:42:02.309963 main     ERROR [COM]: aRC=E_ACCESSDENIED (0x80070005) aIID={6cc49055-dad4-4496-85cf-3f76bcb3b5fa} aComponent={SnapshotWrap} aText={The object is not ready}, preserve=false aResultDetail=0
00:42:02.309972 main     ERROR [COM]: aRC=E_ACCESSDENIED (0x80070005) aIID={6cc49055-dad4-4496-85cf-3f76bcb3b5fa} aComponent={SnapshotWrap} aText={The object is not ready}, preserve=false aResultDetail=0
00:42:02.310155 main     HostDnsMonitor: shutting down ...
00:42:02.310508 main     HostDnsMonitor: shut down
00:42:02.321346 Watcher  ERROR [COM]: aRC=E_ACCESSDENIED (0x80070005) aIID={7682d5eb-f00e-44f1-8ca2-99d08b1cd607} aComponent={VirtualBoxWrap} aText={The object is not ready}, preserve=false aResultDetail=0
00:42:02.321468 main     VirtualBox: object deleted
